Analysis & Synthesis report for Snake1
Thu Nov 15 18:04:53 2018
Quartus Prime Version 16.1.0 Build 196 10/24/2016 SJ Lite Edition


---------------------
; Table of Contents ;
---------------------
  1. Legal Notice
  2. Analysis & Synthesis Summary
  3. Analysis & Synthesis Settings
  4. Parallel Compilation
  5. Analysis & Synthesis Source Files Read
  6. Analysis & Synthesis Resource Usage Summary
  7. Analysis & Synthesis Resource Utilization by Entity
  8. User-Specified and Inferred Latches
  9. Registers Removed During Synthesis
 10. Removed Registers Triggering Further Register Optimizations
 11. General Register Statistics
 12. Inverted Register Statistics
 13. Multiplexer Restructuring Statistics (Restructuring Performed)
 14. Port Connectivity Checks: "kbInput:kbIn"
 15. Post-Synthesis Netlist Statistics for Top Partition
 16. Elapsed Time Per Partition
 17. Analysis & Synthesis Messages
 18. Analysis & Synthesis Suppressed Messages



----------------
; Legal Notice ;
----------------
Copyright (C) 2016  Intel Corporation. All rights reserved.
Your use of Intel Corporation's design tools, logic functions 
and other software and tools, and its AMPP partner logic 
functions, and any output files from any of the foregoing 
(including device programming or simulation files), and any 
associated documentation or information are expressly subject 
to the terms and conditions of the Intel Program License 
Subscription Agreement, the Intel Quartus Prime License Agreement,
the Intel MegaCore Function License Agreement, or other 
applicable license agreement, including, without limitation, 
that your use is for the sole purpose of programming logic 
devices manufactured by Intel and sold by Intel or its 
authorized distributors.  Please refer to the applicable 
agreement for further details.



+----------------------------------------------------------------------------------+
; Analysis & Synthesis Summary                                                     ;
+------------------------------------+---------------------------------------------+
; Analysis & Synthesis Status        ; Successful - Thu Nov 15 18:04:53 2018       ;
; Quartus Prime Version              ; 16.1.0 Build 196 10/24/2016 SJ Lite Edition ;
; Revision Name                      ; Snake1                                      ;
; Top-level Entity Name              ; Snake                                       ;
; Family                             ; Cyclone IV E                                ;
; Total logic elements               ; 10,316                                      ;
;     Total combinational functions  ; 10,278                                      ;
;     Dedicated logic registers      ; 2,372                                       ;
; Total registers                    ; 2372                                        ;
; Total pins                         ; 32                                          ;
; Total virtual pins                 ; 0                                           ;
; Total memory bits                  ; 0                                           ;
; Embedded Multiplier 9-bit elements ; 0                                           ;
; Total PLLs                         ; 0                                           ;
+------------------------------------+---------------------------------------------+


+----------------------------------------------------------------------------------------------------------------------+
; Analysis & Synthesis Settings                                                                                        ;
+----------------------------------------------------------------------------+--------------------+--------------------+
; Option                                                                     ; Setting            ; Default Value      ;
+----------------------------------------------------------------------------+--------------------+--------------------+
; Device                                                                     ; EP4CE115F29C7      ;                    ;
; Top-level entity name                                                      ; Snake              ; Snake1             ;
; Family name                                                                ; Cyclone IV E       ; Cyclone V          ;
; Use smart compilation                                                      ; Off                ; Off                ;
; Enable parallel Assembler and TimeQuest Timing Analyzer during compilation ; On                 ; On                 ;
; Enable compact report table                                                ; Off                ; Off                ;
; Restructure Multiplexers                                                   ; Auto               ; Auto               ;
; Create Debugging Nodes for IP Cores                                        ; Off                ; Off                ;
; Preserve fewer node names                                                  ; On                 ; On                 ;
; OpenCore Plus hardware evaluation                                          ; Enable             ; Enable             ;
; Verilog Version                                                            ; Verilog_2001       ; Verilog_2001       ;
; VHDL Version                                                               ; VHDL_1993          ; VHDL_1993          ;
; State Machine Processing                                                   ; Auto               ; Auto               ;
; Safe State Machine                                                         ; Off                ; Off                ;
; Extract Verilog State Machines                                             ; On                 ; On                 ;
; Extract VHDL State Machines                                                ; On                 ; On                 ;
; Ignore Verilog initial constructs                                          ; Off                ; Off                ;
; Iteration limit for constant Verilog loops                                 ; 5000               ; 5000               ;
; Iteration limit for non-constant Verilog loops                             ; 250                ; 250                ;
; Add Pass-Through Logic to Inferred RAMs                                    ; On                 ; On                 ;
; Infer RAMs from Raw Logic                                                  ; On                 ; On                 ;
; Parallel Synthesis                                                         ; On                 ; On                 ;
; DSP Block Balancing                                                        ; Auto               ; Auto               ;
; NOT Gate Push-Back                                                         ; On                 ; On                 ;
; Power-Up Don't Care                                                        ; On                 ; On                 ;
; Remove Redundant Logic Cells                                               ; Off                ; Off                ;
; Remove Duplicate Registers                                                 ; On                 ; On                 ;
; Ignore CARRY Buffers                                                       ; Off                ; Off                ;
; Ignore CASCADE Buffers                                                     ; Off                ; Off                ;
; Ignore GLOBAL Buffers                                                      ; Off                ; Off                ;
; Ignore ROW GLOBAL Buffers                                                  ; Off                ; Off                ;
; Ignore LCELL Buffers                                                       ; Off                ; Off                ;
; Ignore SOFT Buffers                                                        ; On                 ; On                 ;
; Limit AHDL Integers to 32 Bits                                             ; Off                ; Off                ;
; Optimization Technique                                                     ; Balanced           ; Balanced           ;
; Carry Chain Length                                                         ; 70                 ; 70                 ;
; Auto Carry Chains                                                          ; On                 ; On                 ;
; Auto Open-Drain Pins                                                       ; On                 ; On                 ;
; Perform WYSIWYG Primitive Resynthesis                                      ; Off                ; Off                ;
; Auto ROM Replacement                                                       ; On                 ; On                 ;
; Auto RAM Replacement                                                       ; On                 ; On                 ;
; Auto DSP Block Replacement                                                 ; On                 ; On                 ;
; Auto Shift Register Replacement                                            ; Auto               ; Auto               ;
; Allow Shift Register Merging across Hierarchies                            ; Auto               ; Auto               ;
; Auto Clock Enable Replacement                                              ; On                 ; On                 ;
; Strict RAM Replacement                                                     ; Off                ; Off                ;
; Allow Synchronous Control Signals                                          ; On                 ; On                 ;
; Force Use of Synchronous Clear Signals                                     ; Off                ; Off                ;
; Auto RAM Block Balancing                                                   ; On                 ; On                 ;
; Auto RAM to Logic Cell Conversion                                          ; Off                ; Off                ;
; Auto Resource Sharing                                                      ; Off                ; Off                ;
; Allow Any RAM Size For Recognition                                         ; Off                ; Off                ;
; Allow Any ROM Size For Recognition                                         ; Off                ; Off                ;
; Allow Any Shift Register Size For Recognition                              ; Off                ; Off                ;
; Use LogicLock Constraints during Resource Balancing                        ; On                 ; On                 ;
; Ignore translate_off and synthesis_off directives                          ; Off                ; Off                ;
; Timing-Driven Synthesis                                                    ; On                 ; On                 ;
; Report Parameter Settings                                                  ; On                 ; On                 ;
; Report Source Assignments                                                  ; On                 ; On                 ;
; Report Connectivity Checks                                                 ; On                 ; On                 ;
; Ignore Maximum Fan-Out Assignments                                         ; Off                ; Off                ;
; Synchronization Register Chain Length                                      ; 2                  ; 2                  ;
; PowerPlay Power Optimization During Synthesis                              ; Normal compilation ; Normal compilation ;
; HDL message level                                                          ; Level2             ; Level2             ;
; Suppress Register Optimization Related Messages                            ; Off                ; Off                ;
; Number of Removed Registers Reported in Synthesis Report                   ; 5000               ; 5000               ;
; Number of Swept Nodes Reported in Synthesis Report                         ; 5000               ; 5000               ;
; Number of Inverted Registers Reported in Synthesis Report                  ; 100                ; 100                ;
; Clock MUX Protection                                                       ; On                 ; On                 ;
; Auto Gated Clock Conversion                                                ; Off                ; Off                ;
; Block Design Naming                                                        ; Auto               ; Auto               ;
; SDC constraint protection                                                  ; Off                ; Off                ;
; Synthesis Effort                                                           ; Auto               ; Auto               ;
; Shift Register Replacement - Allow Asynchronous Clear Signal               ; On                 ; On                 ;
; Pre-Mapping Resynthesis Optimization                                       ; Off                ; Off                ;
; Analysis & Synthesis Message Level                                         ; Medium             ; Medium             ;
; Disable Register Merging Across Hierarchies                                ; Auto               ; Auto               ;
; Resource Aware Inference For Block RAM                                     ; On                 ; On                 ;
+----------------------------------------------------------------------------+--------------------+--------------------+


+------------------------------------------+
; Parallel Compilation                     ;
+----------------------------+-------------+
; Processors                 ; Number      ;
+----------------------------+-------------+
; Number detected on machine ; 8           ;
; Maximum allowed            ; 4           ;
;                            ;             ;
; Average used               ; 1.00        ;
; Maximum used               ; 4           ;
;                            ;             ;
; Usage by Processor         ; % Time Used ;
;     Processor 1            ; 100.0%      ;
;     Processor 2            ;   0.2%      ;
;     Processor 3            ;   0.2%      ;
;     Processor 4            ;   0.1%      ;
+----------------------------+-------------+


+-------------------------------------------------------------------------------------------------------------------------------------+
; Analysis & Synthesis Source Files Read                                                                                              ;
+----------------------------------+-----------------+------------------------+---------------------------------------------+---------+
; File Name with User-Entered Path ; Used in Netlist ; File Type              ; File Name with Absolute Path                ; Library ;
+----------------------------------+-----------------+------------------------+---------------------------------------------+---------+
; Snake.v                          ; yes             ; User Verilog HDL File  ; M:/New_Project/Kristjan Snake/Snake/Snake.v ;         ;
+----------------------------------+-----------------+------------------------+---------------------------------------------+---------+


+-----------------------------------------------------------+
; Analysis & Synthesis Resource Usage Summary               ;
+---------------------------------------------+-------------+
; Resource                                    ; Usage       ;
+---------------------------------------------+-------------+
; Estimated Total logic elements              ; 10,316      ;
;                                             ;             ;
; Total combinational functions               ; 10278       ;
; Logic element usage by number of LUT inputs ;             ;
;     -- 4 input functions                    ; 732         ;
;     -- 3 input functions                    ; 4508        ;
;     -- <=2 input functions                  ; 5038        ;
;                                             ;             ;
; Logic elements by mode                      ;             ;
;     -- normal mode                          ; 3989        ;
;     -- arithmetic mode                      ; 6289        ;
;                                             ;             ;
; Total registers                             ; 2372        ;
;     -- Dedicated logic registers            ; 2372        ;
;     -- I/O registers                        ; 0           ;
;                                             ;             ;
; I/O pins                                    ; 32          ;
;                                             ;             ;
; Embedded Multiplier 9-bit elements          ; 0           ;
;                                             ;             ;
; Maximum fan-out node                        ; start~input ;
; Maximum fan-out                             ; 2204        ;
; Total fan-out                               ; 33042       ;
; Average fan-out                             ; 2.60        ;
+---------------------------------------------+-------------+


+----------------------------------------------------------------------------------------------------------------------------------------------------------------------------------------------------------------+
; Analysis & Synthesis Resource Utilization by Entity                                                                                                                                                            ;
+----------------------------+---------------------+---------------------------+-------------+--------------+---------+-----------+------+--------------+---------------------------+-------------+--------------+
; Compilation Hierarchy Node ; Combinational ALUTs ; Dedicated Logic Registers ; Memory Bits ; DSP Elements ; DSP 9x9 ; DSP 18x18 ; Pins ; Virtual Pins ; Full Hierarchy Name       ; Entity Name ; Library Name ;
+----------------------------+---------------------+---------------------------+-------------+--------------+---------+-----------+------+--------------+---------------------------+-------------+--------------+
; |Snake                     ; 10278 (10057)       ; 2372 (2247)               ; 0           ; 0            ; 0       ; 0         ; 32   ; 0            ; |Snake                    ; Snake       ; work         ;
;    |VGA_gen:gen1|          ; 45 (45)             ; 23 (23)                   ; 0           ; 0            ; 0       ; 0         ; 0    ; 0            ; |Snake|VGA_gen:gen1       ; VGA_gen     ; work         ;
;    |clk_reduce:reduce1|    ; 1 (1)               ; 2 (2)                     ; 0           ; 0            ; 0       ; 0         ; 0    ; 0            ; |Snake|clk_reduce:reduce1 ; clk_reduce  ; work         ;
;    |kbInput:kbIn|          ; 91 (91)             ; 56 (56)                   ; 0           ; 0            ; 0       ; 0         ; 0    ; 0            ; |Snake|kbInput:kbIn       ; kbInput     ; work         ;
;    |randomGrid:rand1|      ; 45 (45)             ; 22 (22)                   ; 0           ; 0            ; 0       ; 0         ; 0    ; 0            ; |Snake|randomGrid:rand1   ; randomGrid  ; work         ;
;    |updateClk:UPDATE|      ; 39 (39)             ; 22 (22)                   ; 0           ; 0            ; 0       ; 0         ; 0    ; 0            ; |Snake|updateClk:UPDATE   ; updateClk   ; work         ;
+----------------------------+---------------------+---------------------------+-------------+--------------+---------+-----------+------+--------------+---------------------------+-------------+--------------+
Note: For table entries with two numbers listed, the numbers in parentheses indicate the number of resources of the given type used by the specific entity alone. The numbers listed outside of parentheses indicate the total resources of the given type used by the specific entity and all of its sub-entities in the hierarchy.


+---------------------------------------------------------------------------------------------------+
; User-Specified and Inferred Latches                                                               ;
+----------------------------------------------------+---------------------+------------------------+
; Latch Name                                         ; Latch Enable Signal ; Free of Timing Hazards ;
+----------------------------------------------------+---------------------+------------------------+
; kbInput:kbIn|direction[4]                          ; GND                 ; yes                    ;
; kbInput:kbIn|direction[1]                          ; GND                 ; yes                    ;
; kbInput:kbIn|direction[3]                          ; GND                 ; yes                    ;
; kbInput:kbIn|direction[2]                          ; GND                 ; yes                    ;
; Number of user-specified and inferred latches = 4  ;                     ;                        ;
+----------------------------------------------------+---------------------+------------------------+
Note: All latches listed above may not be present at the end of synthesis due to various synthesis optimizations.


+----------------------------------------------------------------------------------+
; Registers Removed During Synthesis                                               ;
+-----------------------------------------+----------------------------------------+
; Register name                           ; Reason for Removal                     ;
+-----------------------------------------+----------------------------------------+
; kbInput:kbIn|previousCode[8..10]        ; Stuck at GND due to stuck port data_in ;
; randomGrid:rand1|rand_X[0]              ; Stuck at GND due to stuck port data_in ;
; randomGrid:rand1|rand_Y[0]              ; Stuck at GND due to stuck port data_in ;
; snakeY[6][0]                            ; Merged with snakeX[6][0]               ;
; snakeY[5][0]                            ; Merged with snakeX[5][0]               ;
; snakeY[4][0]                            ; Merged with snakeX[4][0]               ;
; snakeY[3][0]                            ; Merged with snakeX[3][0]               ;
; snakeY[2][0]                            ; Merged with snakeX[2][0]               ;
; snakeY[1][0]                            ; Merged with snakeX[1][0]               ;
; appleY[0]                               ; Merged with appleX[0]                  ;
; snakeY[7][0]                            ; Merged with snakeX[7][0]               ;
; snakeY[8][0]                            ; Merged with snakeX[8][0]               ;
; snakeY[9][0]                            ; Merged with snakeX[9][0]               ;
; snakeY[10][0]                           ; Merged with snakeX[10][0]              ;
; snakeY[11][0]                           ; Merged with snakeX[11][0]              ;
; snakeY[12][0]                           ; Merged with snakeX[12][0]              ;
; snakeY[13][0]                           ; Merged with snakeX[13][0]              ;
; snakeY[14][0]                           ; Merged with snakeX[14][0]              ;
; snakeY[15][0]                           ; Merged with snakeX[15][0]              ;
; snakeY[16][0]                           ; Merged with snakeX[16][0]              ;
; snakeY[17][0]                           ; Merged with snakeX[17][0]              ;
; snakeY[18][0]                           ; Merged with snakeX[18][0]              ;
; snakeY[19][0]                           ; Merged with snakeX[19][0]              ;
; snakeY[20][0]                           ; Merged with snakeX[20][0]              ;
; snakeY[21][0]                           ; Merged with snakeX[21][0]              ;
; snakeY[22][0]                           ; Merged with snakeX[22][0]              ;
; snakeY[23][0]                           ; Merged with snakeX[23][0]              ;
; snakeY[24][0]                           ; Merged with snakeX[24][0]              ;
; snakeY[25][0]                           ; Merged with snakeX[25][0]              ;
; snakeY[26][0]                           ; Merged with snakeX[26][0]              ;
; snakeY[27][0]                           ; Merged with snakeX[27][0]              ;
; snakeY[28][0]                           ; Merged with snakeX[28][0]              ;
; snakeY[29][0]                           ; Merged with snakeX[29][0]              ;
; snakeY[30][0]                           ; Merged with snakeX[30][0]              ;
; snakeY[31][0]                           ; Merged with snakeX[31][0]              ;
; snakeY[32][0]                           ; Merged with snakeX[32][0]              ;
; snakeY[33][0]                           ; Merged with snakeX[33][0]              ;
; snakeY[34][0]                           ; Merged with snakeX[34][0]              ;
; snakeY[35][0]                           ; Merged with snakeX[35][0]              ;
; snakeY[36][0]                           ; Merged with snakeX[36][0]              ;
; snakeY[37][0]                           ; Merged with snakeX[37][0]              ;
; snakeY[38][0]                           ; Merged with snakeX[38][0]              ;
; snakeY[39][0]                           ; Merged with snakeX[39][0]              ;
; snakeY[40][0]                           ; Merged with snakeX[40][0]              ;
; snakeY[41][0]                           ; Merged with snakeX[41][0]              ;
; snakeY[42][0]                           ; Merged with snakeX[42][0]              ;
; snakeY[43][0]                           ; Merged with snakeX[43][0]              ;
; snakeY[44][0]                           ; Merged with snakeX[44][0]              ;
; snakeY[45][0]                           ; Merged with snakeX[45][0]              ;
; snakeY[46][0]                           ; Merged with snakeX[46][0]              ;
; snakeY[47][0]                           ; Merged with snakeX[47][0]              ;
; snakeY[48][0]                           ; Merged with snakeX[48][0]              ;
; snakeY[49][0]                           ; Merged with snakeX[49][0]              ;
; snakeY[50][0]                           ; Merged with snakeX[50][0]              ;
; snakeY[51][0]                           ; Merged with snakeX[51][0]              ;
; snakeY[52][0]                           ; Merged with snakeX[52][0]              ;
; snakeY[53][0]                           ; Merged with snakeX[53][0]              ;
; snakeY[54][0]                           ; Merged with snakeX[54][0]              ;
; snakeY[55][0]                           ; Merged with snakeX[55][0]              ;
; snakeY[56][0]                           ; Merged with snakeX[56][0]              ;
; snakeY[57][0]                           ; Merged with snakeX[57][0]              ;
; snakeY[58][0]                           ; Merged with snakeX[58][0]              ;
; snakeY[59][0]                           ; Merged with snakeX[59][0]              ;
; snakeY[60][0]                           ; Merged with snakeX[60][0]              ;
; snakeY[61][0]                           ; Merged with snakeX[61][0]              ;
; snakeY[62][0]                           ; Merged with snakeX[62][0]              ;
; snakeY[63][0]                           ; Merged with snakeX[63][0]              ;
; snakeY[64][0]                           ; Merged with snakeX[64][0]              ;
; snakeY[65][0]                           ; Merged with snakeX[65][0]              ;
; snakeY[66][0]                           ; Merged with snakeX[66][0]              ;
; snakeY[67][0]                           ; Merged with snakeX[67][0]              ;
; snakeY[68][0]                           ; Merged with snakeX[68][0]              ;
; snakeY[69][0]                           ; Merged with snakeX[69][0]              ;
; snakeY[70][0]                           ; Merged with snakeX[70][0]              ;
; snakeY[71][0]                           ; Merged with snakeX[71][0]              ;
; snakeY[72][0]                           ; Merged with snakeX[72][0]              ;
; snakeY[73][0]                           ; Merged with snakeX[73][0]              ;
; snakeY[74][0]                           ; Merged with snakeX[74][0]              ;
; snakeY[75][0]                           ; Merged with snakeX[75][0]              ;
; snakeY[76][0]                           ; Merged with snakeX[76][0]              ;
; snakeY[77][0]                           ; Merged with snakeX[77][0]              ;
; snakeY[78][0]                           ; Merged with snakeX[78][0]              ;
; snakeY[79][0]                           ; Merged with snakeX[79][0]              ;
; snakeY[80][0]                           ; Merged with snakeX[80][0]              ;
; snakeY[81][0]                           ; Merged with snakeX[81][0]              ;
; snakeY[82][0]                           ; Merged with snakeX[82][0]              ;
; snakeY[83][0]                           ; Merged with snakeX[83][0]              ;
; snakeY[84][0]                           ; Merged with snakeX[84][0]              ;
; snakeY[85][0]                           ; Merged with snakeX[85][0]              ;
; snakeY[86][0]                           ; Merged with snakeX[86][0]              ;
; snakeY[87][0]                           ; Merged with snakeX[87][0]              ;
; snakeY[88][0]                           ; Merged with snakeX[88][0]              ;
; snakeY[89][0]                           ; Merged with snakeX[89][0]              ;
; snakeY[90][0]                           ; Merged with snakeX[90][0]              ;
; snakeY[91][0]                           ; Merged with snakeX[91][0]              ;
; snakeY[92][0]                           ; Merged with snakeX[92][0]              ;
; snakeY[93][0]                           ; Merged with snakeX[93][0]              ;
; snakeY[94][0]                           ; Merged with snakeX[94][0]              ;
; snakeY[95][0]                           ; Merged with snakeX[95][0]              ;
; snakeY[96][0]                           ; Merged with snakeX[96][0]              ;
; snakeY[97][0]                           ; Merged with snakeX[97][0]              ;
; snakeY[98][0]                           ; Merged with snakeX[98][0]              ;
; snakeY[99][0]                           ; Merged with snakeX[99][0]              ;
; snakeY[100][0]                          ; Merged with snakeX[100][0]             ;
; snakeY[101][0]                          ; Merged with snakeX[101][0]             ;
; snakeY[102][0]                          ; Merged with snakeX[102][0]             ;
; snakeY[103][0]                          ; Merged with snakeX[103][0]             ;
; snakeY[104][0]                          ; Merged with snakeX[104][0]             ;
; snakeY[105][0]                          ; Merged with snakeX[105][0]             ;
; snakeY[106][0]                          ; Merged with snakeX[106][0]             ;
; snakeY[107][0]                          ; Merged with snakeX[107][0]             ;
; snakeY[108][0]                          ; Merged with snakeX[108][0]             ;
; snakeY[109][0]                          ; Merged with snakeX[109][0]             ;
; snakeY[110][0]                          ; Merged with snakeX[110][0]             ;
; snakeY[111][0]                          ; Merged with snakeX[111][0]             ;
; snakeY[112][0]                          ; Merged with snakeX[112][0]             ;
; snakeY[113][0]                          ; Merged with snakeX[113][0]             ;
; snakeY[114][0]                          ; Merged with snakeX[114][0]             ;
; snakeY[115][0]                          ; Merged with snakeX[115][0]             ;
; snakeY[116][0]                          ; Merged with snakeX[116][0]             ;
; snakeY[117][0]                          ; Merged with snakeX[117][0]             ;
; snakeY[118][0]                          ; Merged with snakeX[118][0]             ;
; snakeY[119][0]                          ; Merged with snakeX[119][0]             ;
; snakeY[120][0]                          ; Merged with snakeX[120][0]             ;
; snakeY[121][0]                          ; Merged with snakeX[121][0]             ;
; snakeY[122][0]                          ; Merged with snakeX[122][0]             ;
; snakeY[123][0]                          ; Merged with snakeX[123][0]             ;
; snakeY[124][0]                          ; Merged with snakeX[124][0]             ;
; snakeY[125][0]                          ; Merged with snakeX[125][0]             ;
; snakeY[126][0]                          ; Merged with snakeX[126][0]             ;
; snakeY[127][0]                          ; Merged with snakeX[127][0]             ;
; appleX[0]                               ; Stuck at GND due to stuck port data_in ;
; snakeX[1][0]                            ; Stuck at GND due to stuck port data_in ;
; snakeX[2][0]                            ; Stuck at GND due to stuck port data_in ;
; snakeX[3][0]                            ; Stuck at GND due to stuck port data_in ;
; snakeX[4][0]                            ; Stuck at GND due to stuck port data_in ;
; snakeX[5][0]                            ; Stuck at GND due to stuck port data_in ;
; snakeX[6][0]                            ; Stuck at GND due to stuck port data_in ;
; snakeX[7][0]                            ; Stuck at GND due to stuck port data_in ;
; snakeX[8][0]                            ; Stuck at GND due to stuck port data_in ;
; snakeX[9][0]                            ; Stuck at GND due to stuck port data_in ;
; snakeX[10][0]                           ; Stuck at GND due to stuck port data_in ;
; snakeX[11][0]                           ; Stuck at GND due to stuck port data_in ;
; snakeX[12][0]                           ; Stuck at GND due to stuck port data_in ;
; snakeX[13][0]                           ; Stuck at GND due to stuck port data_in ;
; snakeX[14][0]                           ; Stuck at GND due to stuck port data_in ;
; snakeX[15][0]                           ; Stuck at GND due to stuck port data_in ;
; snakeX[16][0]                           ; Stuck at GND due to stuck port data_in ;
; snakeX[17][0]                           ; Stuck at GND due to stuck port data_in ;
; snakeX[18][0]                           ; Stuck at GND due to stuck port data_in ;
; snakeX[19][0]                           ; Stuck at GND due to stuck port data_in ;
; snakeX[20][0]                           ; Stuck at GND due to stuck port data_in ;
; snakeX[21][0]                           ; Stuck at GND due to stuck port data_in ;
; snakeX[22][0]                           ; Stuck at GND due to stuck port data_in ;
; snakeX[23][0]                           ; Stuck at GND due to stuck port data_in ;
; snakeX[24][0]                           ; Stuck at GND due to stuck port data_in ;
; snakeX[25][0]                           ; Stuck at GND due to stuck port data_in ;
; snakeX[26][0]                           ; Stuck at GND due to stuck port data_in ;
; snakeX[27][0]                           ; Stuck at GND due to stuck port data_in ;
; snakeX[28][0]                           ; Stuck at GND due to stuck port data_in ;
; snakeX[29][0]                           ; Stuck at GND due to stuck port data_in ;
; snakeX[30][0]                           ; Stuck at GND due to stuck port data_in ;
; snakeX[31][0]                           ; Stuck at GND due to stuck port data_in ;
; snakeX[32][0]                           ; Stuck at GND due to stuck port data_in ;
; snakeX[33][0]                           ; Stuck at GND due to stuck port data_in ;
; snakeX[34][0]                           ; Stuck at GND due to stuck port data_in ;
; snakeX[35][0]                           ; Stuck at GND due to stuck port data_in ;
; snakeX[36][0]                           ; Stuck at GND due to stuck port data_in ;
; snakeX[37][0]                           ; Stuck at GND due to stuck port data_in ;
; snakeX[38][0]                           ; Stuck at GND due to stuck port data_in ;
; snakeX[39][0]                           ; Stuck at GND due to stuck port data_in ;
; snakeX[40][0]                           ; Stuck at GND due to stuck port data_in ;
; snakeX[41][0]                           ; Stuck at GND due to stuck port data_in ;
; snakeX[42][0]                           ; Stuck at GND due to stuck port data_in ;
; snakeX[43][0]                           ; Stuck at GND due to stuck port data_in ;
; snakeX[44][0]                           ; Stuck at GND due to stuck port data_in ;
; snakeX[45][0]                           ; Stuck at GND due to stuck port data_in ;
; snakeX[46][0]                           ; Stuck at GND due to stuck port data_in ;
; snakeX[47][0]                           ; Stuck at GND due to stuck port data_in ;
; snakeX[48][0]                           ; Stuck at GND due to stuck port data_in ;
; snakeX[49][0]                           ; Stuck at GND due to stuck port data_in ;
; snakeX[50][0]                           ; Stuck at GND due to stuck port data_in ;
; snakeX[51][0]                           ; Stuck at GND due to stuck port data_in ;
; snakeX[52][0]                           ; Stuck at GND due to stuck port data_in ;
; snakeX[53][0]                           ; Stuck at GND due to stuck port data_in ;
; snakeX[54][0]                           ; Stuck at GND due to stuck port data_in ;
; snakeX[55][0]                           ; Stuck at GND due to stuck port data_in ;
; snakeX[56][0]                           ; Stuck at GND due to stuck port data_in ;
; snakeX[57][0]                           ; Stuck at GND due to stuck port data_in ;
; snakeX[58][0]                           ; Stuck at GND due to stuck port data_in ;
; snakeX[59][0]                           ; Stuck at GND due to stuck port data_in ;
; snakeX[60][0]                           ; Stuck at GND due to stuck port data_in ;
; snakeX[61][0]                           ; Stuck at GND due to stuck port data_in ;
; snakeX[62][0]                           ; Stuck at GND due to stuck port data_in ;
; snakeX[63][0]                           ; Stuck at GND due to stuck port data_in ;
; snakeX[64][0]                           ; Stuck at GND due to stuck port data_in ;
; snakeX[65][0]                           ; Stuck at GND due to stuck port data_in ;
; snakeX[66][0]                           ; Stuck at GND due to stuck port data_in ;
; snakeX[67][0]                           ; Stuck at GND due to stuck port data_in ;
; snakeX[68][0]                           ; Stuck at GND due to stuck port data_in ;
; snakeX[69][0]                           ; Stuck at GND due to stuck port data_in ;
; snakeX[70][0]                           ; Stuck at GND due to stuck port data_in ;
; snakeX[71][0]                           ; Stuck at GND due to stuck port data_in ;
; snakeX[72][0]                           ; Stuck at GND due to stuck port data_in ;
; snakeX[73][0]                           ; Stuck at GND due to stuck port data_in ;
; snakeX[74][0]                           ; Stuck at GND due to stuck port data_in ;
; snakeX[75][0]                           ; Stuck at GND due to stuck port data_in ;
; snakeX[76][0]                           ; Stuck at GND due to stuck port data_in ;
; snakeX[77][0]                           ; Stuck at GND due to stuck port data_in ;
; snakeX[78][0]                           ; Stuck at GND due to stuck port data_in ;
; snakeX[79][0]                           ; Stuck at GND due to stuck port data_in ;
; snakeX[80][0]                           ; Stuck at GND due to stuck port data_in ;
; snakeX[81][0]                           ; Stuck at GND due to stuck port data_in ;
; snakeX[82][0]                           ; Stuck at GND due to stuck port data_in ;
; snakeX[83][0]                           ; Stuck at GND due to stuck port data_in ;
; snakeX[84][0]                           ; Stuck at GND due to stuck port data_in ;
; snakeX[85][0]                           ; Stuck at GND due to stuck port data_in ;
; snakeX[86][0]                           ; Stuck at GND due to stuck port data_in ;
; snakeX[87][0]                           ; Stuck at GND due to stuck port data_in ;
; snakeX[88][0]                           ; Stuck at GND due to stuck port data_in ;
; snakeX[89][0]                           ; Stuck at GND due to stuck port data_in ;
; snakeX[90][0]                           ; Stuck at GND due to stuck port data_in ;
; snakeX[91][0]                           ; Stuck at GND due to stuck port data_in ;
; snakeX[92][0]                           ; Stuck at GND due to stuck port data_in ;
; snakeX[93][0]                           ; Stuck at GND due to stuck port data_in ;
; snakeX[94][0]                           ; Stuck at GND due to stuck port data_in ;
; snakeX[95][0]                           ; Stuck at GND due to stuck port data_in ;
; snakeX[96][0]                           ; Stuck at GND due to stuck port data_in ;
; snakeX[97][0]                           ; Stuck at GND due to stuck port data_in ;
; snakeX[98][0]                           ; Stuck at GND due to stuck port data_in ;
; snakeX[99][0]                           ; Stuck at GND due to stuck port data_in ;
; snakeX[100][0]                          ; Stuck at GND due to stuck port data_in ;
; snakeX[101][0]                          ; Stuck at GND due to stuck port data_in ;
; snakeX[102][0]                          ; Stuck at GND due to stuck port data_in ;
; snakeX[103][0]                          ; Stuck at GND due to stuck port data_in ;
; snakeX[104][0]                          ; Stuck at GND due to stuck port data_in ;
; snakeX[105][0]                          ; Stuck at GND due to stuck port data_in ;
; snakeX[106][0]                          ; Stuck at GND due to stuck port data_in ;
; snakeX[107][0]                          ; Stuck at GND due to stuck port data_in ;
; snakeX[108][0]                          ; Stuck at GND due to stuck port data_in ;
; snakeX[109][0]                          ; Stuck at GND due to stuck port data_in ;
; snakeX[110][0]                          ; Stuck at GND due to stuck port data_in ;
; snakeX[111][0]                          ; Stuck at GND due to stuck port data_in ;
; snakeX[112][0]                          ; Stuck at GND due to stuck port data_in ;
; snakeX[113][0]                          ; Stuck at GND due to stuck port data_in ;
; snakeX[114][0]                          ; Stuck at GND due to stuck port data_in ;
; snakeX[115][0]                          ; Stuck at GND due to stuck port data_in ;
; snakeX[116][0]                          ; Stuck at GND due to stuck port data_in ;
; snakeX[117][0]                          ; Stuck at GND due to stuck port data_in ;
; snakeX[118][0]                          ; Stuck at GND due to stuck port data_in ;
; snakeX[119][0]                          ; Stuck at GND due to stuck port data_in ;
; snakeX[120][0]                          ; Stuck at GND due to stuck port data_in ;
; snakeX[121][0]                          ; Stuck at GND due to stuck port data_in ;
; snakeX[122][0]                          ; Stuck at GND due to stuck port data_in ;
; snakeX[123][0]                          ; Stuck at GND due to stuck port data_in ;
; snakeX[124][0]                          ; Stuck at GND due to stuck port data_in ;
; snakeX[125][0]                          ; Stuck at GND due to stuck port data_in ;
; snakeX[126][0]                          ; Stuck at GND due to stuck port data_in ;
; snakeX[127][0]                          ; Stuck at GND due to stuck port data_in ;
; randomGrid:rand1|pointX[0]              ; Merged with appleCount[0]              ;
; randomGrid:rand1|pointY[0]              ; Merged with appleCount[0]              ;
; randomGrid:rand1|pointY[1]              ; Merged with appleCount[1]              ;
; randomGrid:rand1|pointY[2]              ; Merged with appleCount[2]              ;
; randomGrid:rand1|pointY[3]              ; Merged with appleCount[3]              ;
; randomGrid:rand1|pointY[4]              ; Merged with appleCount[4]              ;
; randomGrid:rand1|pointY[5]              ; Merged with appleCount[5]              ;
; snakeX[127][9]                          ; Lost fanout                            ;
; snakeX[127][8]                          ; Lost fanout                            ;
; snakeX[127][7]                          ; Lost fanout                            ;
; snakeX[127][6]                          ; Lost fanout                            ;
; snakeX[127][5]                          ; Lost fanout                            ;
; snakeX[127][4]                          ; Lost fanout                            ;
; snakeX[127][3]                          ; Lost fanout                            ;
; snakeX[127][2]                          ; Lost fanout                            ;
; snakeX[127][1]                          ; Lost fanout                            ;
; snakeY[127][8]                          ; Lost fanout                            ;
; snakeY[127][7]                          ; Lost fanout                            ;
; snakeY[127][6]                          ; Lost fanout                            ;
; snakeY[127][5]                          ; Lost fanout                            ;
; snakeY[127][4]                          ; Lost fanout                            ;
; snakeY[127][3]                          ; Lost fanout                            ;
; snakeY[127][2]                          ; Lost fanout                            ;
; snakeY[127][1]                          ; Lost fanout                            ;
; updateClk:UPDATE|count[0]               ; Merged with clk_reduce:reduce1|q       ;
; appleCount[0]                           ; Merged with VGA_gen:gen1|xCount[0]     ;
; Total Number of Removed Registers = 287 ;                                        ;
+-----------------------------------------+----------------------------------------+


+----------------------------------------------------------------------------------------------------------------------------------------------------+
; Removed Registers Triggering Further Register Optimizations                                                                                        ;
+----------------------------+---------------------------+-------------------------------------------------------------------------------------------+
; Register name              ; Reason for Removal        ; Registers Removed due to This Register                                                    ;
+----------------------------+---------------------------+-------------------------------------------------------------------------------------------+
; snakeX[1][0]               ; Stuck at GND              ; snakeX[2][0], snakeX[3][0], snakeX[4][0], snakeX[5][0], snakeX[6][0], snakeX[7][0],       ;
;                            ; due to stuck port data_in ; snakeX[8][0], snakeX[9][0], snakeX[10][0], snakeX[11][0], snakeX[12][0], snakeX[13][0],   ;
;                            ;                           ; snakeX[14][0], snakeX[15][0], snakeX[16][0], snakeX[17][0], snakeX[18][0], snakeX[19][0], ;
;                            ;                           ; snakeX[20][0], snakeX[21][0], snakeX[22][0], snakeX[23][0], snakeX[24][0], snakeX[25][0], ;
;                            ;                           ; snakeX[26][0], snakeX[27][0], snakeX[28][0], snakeX[29][0], snakeX[30][0], snakeX[31][0], ;
;                            ;                           ; snakeX[32][0], snakeX[33][0], snakeX[34][0], snakeX[35][0], snakeX[36][0], snakeX[37][0], ;
;                            ;                           ; snakeX[38][0], snakeX[39][0], snakeX[40][0], snakeX[41][0], snakeX[42][0], snakeX[43][0], ;
;                            ;                           ; snakeX[44][0], snakeX[45][0], snakeX[46][0], snakeX[47][0], snakeX[48][0], snakeX[49][0], ;
;                            ;                           ; snakeX[50][0], snakeX[51][0], snakeX[52][0], snakeX[53][0], snakeX[54][0], snakeX[55][0], ;
;                            ;                           ; snakeX[56][0], snakeX[57][0], snakeX[58][0], snakeX[59][0], snakeX[60][0], snakeX[61][0], ;
;                            ;                           ; snakeX[62][0], snakeX[63][0], snakeX[64][0], snakeX[65][0], snakeX[66][0], snakeX[67][0], ;
;                            ;                           ; snakeX[68][0], snakeX[69][0], snakeX[70][0], snakeX[71][0], snakeX[72][0], snakeX[73][0], ;
;                            ;                           ; snakeX[74][0], snakeX[75][0], snakeX[76][0], snakeX[77][0], snakeX[78][0], snakeX[79][0], ;
;                            ;                           ; snakeX[80][0], snakeX[81][0], snakeX[82][0], snakeX[83][0], snakeX[84][0], snakeX[85][0], ;
;                            ;                           ; snakeX[86][0], snakeX[87][0], snakeX[88][0], snakeX[89][0], snakeX[90][0], snakeX[91][0], ;
;                            ;                           ; snakeX[92][0], snakeX[93][0], snakeX[94][0], snakeX[95][0], snakeX[96][0], snakeX[97][0], ;
;                            ;                           ; snakeX[98][0], snakeX[99][0], snakeX[100][0], snakeX[101][0], snakeX[102][0],             ;
;                            ;                           ; snakeX[103][0], snakeX[104][0], snakeX[105][0], snakeX[106][0], snakeX[107][0],           ;
;                            ;                           ; snakeX[108][0], snakeX[109][0], snakeX[110][0], snakeX[111][0], snakeX[112][0],           ;
;                            ;                           ; snakeX[113][0], snakeX[114][0], snakeX[115][0], snakeX[116][0], snakeX[117][0],           ;
;                            ;                           ; snakeX[118][0], snakeX[119][0], snakeX[120][0], snakeX[121][0], snakeX[122][0],           ;
;                            ;                           ; snakeX[123][0], snakeX[124][0], snakeX[125][0], snakeX[126][0], snakeX[127][0]            ;
; randomGrid:rand1|rand_X[0] ; Stuck at GND              ; appleX[0]                                                                                 ;
;                            ; due to stuck port data_in ;                                                                                           ;
+----------------------------+---------------------------+-------------------------------------------------------------------------------------------+


+------------------------------------------------------+
; General Register Statistics                          ;
+----------------------------------------------+-------+
; Statistic                                    ; Value ;
+----------------------------------------------+-------+
; Total registers                              ; 2372  ;
; Number of registers using Synchronous Clear  ; 0     ;
; Number of registers using Synchronous Load   ; 16    ;
; Number of registers using Asynchronous Clear ; 0     ;
; Number of registers using Asynchronous Load  ; 0     ;
; Number of registers using Clock Enable       ; 2209  ;
; Number of registers using Preset             ; 0     ;
+----------------------------------------------+-------+


+--------------------------------------------------+
; Inverted Register Statistics                     ;
+----------------------------------------+---------+
; Inverted Register                      ; Fan out ;
+----------------------------------------+---------+
; appleCount[1]                          ; 6       ;
; appleCount[3]                          ; 5       ;
; Total number of inverted registers = 2 ;         ;
+----------------------------------------+---------+


+-------------------------------------------------------------------------------------------------------------------------------------------------+
; Multiplexer Restructuring Statistics (Restructuring Performed)                                                                                  ;
+--------------------+-----------+---------------+----------------------+------------------------+------------+-----------------------------------+
; Multiplexer Inputs ; Bus Width ; Baseline Area ; Area if Restructured ; Saving if Restructured ; Registered ; Example Multiplexer Output        ;
+--------------------+-----------+---------------+----------------------+------------------------+------------+-----------------------------------+
; 3:1                ; 17 bits   ; 34 LEs        ; 17 LEs               ; 17 LEs                 ; Yes        ; |Snake|snakeX[64][9]              ;
; 3:1                ; 17 bits   ; 34 LEs        ; 17 LEs               ; 17 LEs                 ; Yes        ; |Snake|snakeX[32][8]              ;
; 3:1                ; 17 bits   ; 34 LEs        ; 17 LEs               ; 17 LEs                 ; Yes        ; |Snake|snakeX[16][8]              ;
; 3:1                ; 17 bits   ; 34 LEs        ; 17 LEs               ; 17 LEs                 ; Yes        ; |Snake|snakeX[8][7]               ;
; 3:1                ; 17 bits   ; 34 LEs        ; 17 LEs               ; 17 LEs                 ; Yes        ; |Snake|snakeX[4][1]               ;
; 3:1                ; 17 bits   ; 34 LEs        ; 17 LEs               ; 17 LEs                 ; Yes        ; |Snake|snakeY[2][5]               ;
; 3:1                ; 17 bits   ; 34 LEs        ; 17 LEs               ; 17 LEs                 ; Yes        ; |Snake|snakeX[1][7]               ;
; 3:1                ; 7 bits    ; 14 LEs        ; 7 LEs                ; 7 LEs                  ; Yes        ; |Snake|size[4]                    ;
; 3:1                ; 8 bits    ; 16 LEs        ; 16 LEs               ; 0 LEs                  ; Yes        ; |Snake|randomGrid:rand1|rand_Y[5] ;
; 3:1                ; 9 bits    ; 18 LEs        ; 18 LEs               ; 0 LEs                  ; Yes        ; |Snake|randomGrid:rand1|rand_X[6] ;
; 3:1                ; 17 bits   ; 34 LEs        ; 17 LEs               ; 17 LEs                 ; Yes        ; |Snake|snakeX[126][5]             ;
; 3:1                ; 17 bits   ; 34 LEs        ; 17 LEs               ; 17 LEs                 ; Yes        ; |Snake|snakeY[125][3]             ;
; 3:1                ; 17 bits   ; 34 LEs        ; 17 LEs               ; 17 LEs                 ; Yes        ; |Snake|snakeX[124][4]             ;
; 3:1                ; 17 bits   ; 34 LEs        ; 17 LEs               ; 17 LEs                 ; Yes        ; |Snake|snakeX[123][5]             ;
; 3:1                ; 17 bits   ; 34 LEs        ; 17 LEs               ; 17 LEs                 ; Yes        ; |Snake|snakeY[122][6]             ;
; 3:1                ; 17 bits   ; 34 LEs        ; 17 LEs               ; 17 LEs                 ; Yes        ; |Snake|snakeY[121][5]             ;
; 3:1                ; 17 bits   ; 34 LEs        ; 17 LEs               ; 17 LEs                 ; Yes        ; |Snake|snakeY[120][8]             ;
; 3:1                ; 17 bits   ; 34 LEs        ; 17 LEs               ; 17 LEs                 ; Yes        ; |Snake|snakeY[119][5]             ;
; 3:1                ; 17 bits   ; 34 LEs        ; 17 LEs               ; 17 LEs                 ; Yes        ; |Snake|snakeX[118][9]             ;
; 3:1                ; 17 bits   ; 34 LEs        ; 17 LEs               ; 17 LEs                 ; Yes        ; |Snake|snakeX[117][9]             ;
; 3:1                ; 17 bits   ; 34 LEs        ; 17 LEs               ; 17 LEs                 ; Yes        ; |Snake|snakeX[116][9]             ;
; 3:1                ; 17 bits   ; 34 LEs        ; 17 LEs               ; 17 LEs                 ; Yes        ; |Snake|snakeX[115][9]             ;
; 3:1                ; 17 bits   ; 34 LEs        ; 17 LEs               ; 17 LEs                 ; Yes        ; |Snake|snakeX[114][9]             ;
; 3:1                ; 17 bits   ; 34 LEs        ; 17 LEs               ; 17 LEs                 ; Yes        ; |Snake|snakeX[113][9]             ;
; 3:1                ; 17 bits   ; 34 LEs        ; 17 LEs               ; 17 LEs                 ; Yes        ; |Snake|snakeX[112][9]             ;
; 3:1                ; 17 bits   ; 34 LEs        ; 17 LEs               ; 17 LEs                 ; Yes        ; |Snake|snakeX[111][9]             ;
; 3:1                ; 17 bits   ; 34 LEs        ; 17 LEs               ; 17 LEs                 ; Yes        ; |Snake|snakeX[110][9]             ;
; 3:1                ; 17 bits   ; 34 LEs        ; 17 LEs               ; 17 LEs                 ; Yes        ; |Snake|snakeX[109][9]             ;
; 3:1                ; 17 bits   ; 34 LEs        ; 17 LEs               ; 17 LEs                 ; Yes        ; |Snake|snakeX[108][9]             ;
; 3:1                ; 17 bits   ; 34 LEs        ; 17 LEs               ; 17 LEs                 ; Yes        ; |Snake|snakeX[107][9]             ;
; 3:1                ; 17 bits   ; 34 LEs        ; 17 LEs               ; 17 LEs                 ; Yes        ; |Snake|snakeX[106][9]             ;
; 3:1                ; 17 bits   ; 34 LEs        ; 17 LEs               ; 17 LEs                 ; Yes        ; |Snake|snakeX[105][9]             ;
; 3:1                ; 17 bits   ; 34 LEs        ; 17 LEs               ; 17 LEs                 ; Yes        ; |Snake|snakeX[104][9]             ;
; 3:1                ; 17 bits   ; 34 LEs        ; 17 LEs               ; 17 LEs                 ; Yes        ; |Snake|snakeX[103][9]             ;
; 3:1                ; 17 bits   ; 34 LEs        ; 17 LEs               ; 17 LEs                 ; Yes        ; |Snake|snakeX[102][9]             ;
; 3:1                ; 17 bits   ; 34 LEs        ; 17 LEs               ; 17 LEs                 ; Yes        ; |Snake|snakeX[101][9]             ;
; 3:1                ; 17 bits   ; 34 LEs        ; 17 LEs               ; 17 LEs                 ; Yes        ; |Snake|snakeY[100][2]             ;
; 3:1                ; 17 bits   ; 34 LEs        ; 17 LEs               ; 17 LEs                 ; Yes        ; |Snake|snakeX[99][8]              ;
; 3:1                ; 17 bits   ; 34 LEs        ; 17 LEs               ; 17 LEs                 ; Yes        ; |Snake|snakeX[98][9]              ;
; 3:1                ; 17 bits   ; 34 LEs        ; 17 LEs               ; 17 LEs                 ; Yes        ; |Snake|snakeX[97][9]              ;
; 3:1                ; 17 bits   ; 34 LEs        ; 17 LEs               ; 17 LEs                 ; Yes        ; |Snake|snakeY[96][2]              ;
; 3:1                ; 17 bits   ; 34 LEs        ; 17 LEs               ; 17 LEs                 ; Yes        ; |Snake|snakeY[95][1]              ;
; 3:1                ; 17 bits   ; 34 LEs        ; 17 LEs               ; 17 LEs                 ; Yes        ; |Snake|snakeX[94][6]              ;
; 3:1                ; 17 bits   ; 34 LEs        ; 17 LEs               ; 17 LEs                 ; Yes        ; |Snake|snakeX[93][7]              ;
; 3:1                ; 17 bits   ; 34 LEs        ; 17 LEs               ; 17 LEs                 ; Yes        ; |Snake|snakeX[92][9]              ;
; 3:1                ; 17 bits   ; 34 LEs        ; 17 LEs               ; 17 LEs                 ; Yes        ; |Snake|snakeY[91][8]              ;
; 3:1                ; 17 bits   ; 34 LEs        ; 17 LEs               ; 17 LEs                 ; Yes        ; |Snake|snakeY[90][2]              ;
; 3:1                ; 17 bits   ; 34 LEs        ; 17 LEs               ; 17 LEs                 ; Yes        ; |Snake|snakeY[89][4]              ;
; 3:1                ; 17 bits   ; 34 LEs        ; 17 LEs               ; 17 LEs                 ; Yes        ; |Snake|snakeX[88][6]              ;
; 3:1                ; 17 bits   ; 34 LEs        ; 17 LEs               ; 17 LEs                 ; Yes        ; |Snake|snakeX[87][7]              ;
; 3:1                ; 17 bits   ; 34 LEs        ; 17 LEs               ; 17 LEs                 ; Yes        ; |Snake|snakeY[86][3]              ;
; 3:1                ; 17 bits   ; 34 LEs        ; 17 LEs               ; 17 LEs                 ; Yes        ; |Snake|snakeX[85][9]              ;
; 3:1                ; 17 bits   ; 34 LEs        ; 17 LEs               ; 17 LEs                 ; Yes        ; |Snake|snakeX[84][9]              ;
; 3:1                ; 17 bits   ; 34 LEs        ; 17 LEs               ; 17 LEs                 ; Yes        ; |Snake|snakeY[83][8]              ;
; 3:1                ; 17 bits   ; 34 LEs        ; 17 LEs               ; 17 LEs                 ; Yes        ; |Snake|snakeX[82][7]              ;
; 3:1                ; 17 bits   ; 34 LEs        ; 17 LEs               ; 17 LEs                 ; Yes        ; |Snake|snakeY[81][7]              ;
; 3:1                ; 17 bits   ; 34 LEs        ; 17 LEs               ; 17 LEs                 ; Yes        ; |Snake|snakeY[80][3]              ;
; 3:1                ; 17 bits   ; 34 LEs        ; 17 LEs               ; 17 LEs                 ; Yes        ; |Snake|snakeX[79][3]              ;
; 3:1                ; 17 bits   ; 34 LEs        ; 17 LEs               ; 17 LEs                 ; Yes        ; |Snake|snakeX[78][3]              ;
; 3:1                ; 17 bits   ; 34 LEs        ; 17 LEs               ; 17 LEs                 ; Yes        ; |Snake|snakeX[77][8]              ;
; 3:1                ; 17 bits   ; 34 LEs        ; 17 LEs               ; 17 LEs                 ; Yes        ; |Snake|snakeX[76][7]              ;
; 3:1                ; 17 bits   ; 34 LEs        ; 17 LEs               ; 17 LEs                 ; Yes        ; |Snake|snakeX[75][9]              ;
; 3:1                ; 17 bits   ; 34 LEs        ; 17 LEs               ; 17 LEs                 ; Yes        ; |Snake|snakeY[74][5]              ;
; 3:1                ; 17 bits   ; 34 LEs        ; 17 LEs               ; 17 LEs                 ; Yes        ; |Snake|snakeX[73][5]              ;
; 3:1                ; 17 bits   ; 34 LEs        ; 17 LEs               ; 17 LEs                 ; Yes        ; |Snake|snakeY[72][3]              ;
; 3:1                ; 17 bits   ; 34 LEs        ; 17 LEs               ; 17 LEs                 ; Yes        ; |Snake|snakeY[71][8]              ;
; 3:1                ; 17 bits   ; 34 LEs        ; 17 LEs               ; 17 LEs                 ; Yes        ; |Snake|snakeX[70][8]              ;
; 3:1                ; 17 bits   ; 34 LEs        ; 17 LEs               ; 17 LEs                 ; Yes        ; |Snake|snakeX[69][4]              ;
; 3:1                ; 17 bits   ; 34 LEs        ; 17 LEs               ; 17 LEs                 ; Yes        ; |Snake|snakeX[68][8]              ;
; 3:1                ; 17 bits   ; 34 LEs        ; 17 LEs               ; 17 LEs                 ; Yes        ; |Snake|snakeX[67][8]              ;
; 3:1                ; 17 bits   ; 34 LEs        ; 17 LEs               ; 17 LEs                 ; Yes        ; |Snake|snakeX[66][9]              ;
; 3:1                ; 17 bits   ; 34 LEs        ; 17 LEs               ; 17 LEs                 ; Yes        ; |Snake|snakeX[65][3]              ;
; 3:1                ; 17 bits   ; 34 LEs        ; 17 LEs               ; 17 LEs                 ; Yes        ; |Snake|snakeX[63][4]              ;
; 3:1                ; 17 bits   ; 34 LEs        ; 17 LEs               ; 17 LEs                 ; Yes        ; |Snake|snakeY[62][2]              ;
; 3:1                ; 17 bits   ; 34 LEs        ; 17 LEs               ; 17 LEs                 ; Yes        ; |Snake|snakeX[61][4]              ;
; 3:1                ; 17 bits   ; 34 LEs        ; 17 LEs               ; 17 LEs                 ; Yes        ; |Snake|snakeX[60][8]              ;
; 3:1                ; 17 bits   ; 34 LEs        ; 17 LEs               ; 17 LEs                 ; Yes        ; |Snake|snakeY[59][1]              ;
; 3:1                ; 17 bits   ; 34 LEs        ; 17 LEs               ; 17 LEs                 ; Yes        ; |Snake|snakeY[58][1]              ;
; 3:1                ; 17 bits   ; 34 LEs        ; 17 LEs               ; 17 LEs                 ; Yes        ; |Snake|snakeX[57][2]              ;
; 3:1                ; 17 bits   ; 34 LEs        ; 17 LEs               ; 17 LEs                 ; Yes        ; |Snake|snakeY[56][6]              ;
; 3:1                ; 17 bits   ; 34 LEs        ; 17 LEs               ; 17 LEs                 ; Yes        ; |Snake|snakeY[55][1]              ;
; 3:1                ; 17 bits   ; 34 LEs        ; 17 LEs               ; 17 LEs                 ; Yes        ; |Snake|snakeX[54][9]              ;
; 3:1                ; 17 bits   ; 34 LEs        ; 17 LEs               ; 17 LEs                 ; Yes        ; |Snake|snakeX[53][5]              ;
; 3:1                ; 17 bits   ; 34 LEs        ; 17 LEs               ; 17 LEs                 ; Yes        ; |Snake|snakeY[52][6]              ;
; 3:1                ; 17 bits   ; 34 LEs        ; 17 LEs               ; 17 LEs                 ; Yes        ; |Snake|snakeX[51][9]              ;
; 3:1                ; 17 bits   ; 34 LEs        ; 17 LEs               ; 17 LEs                 ; Yes        ; |Snake|snakeX[50][1]              ;
; 3:1                ; 17 bits   ; 34 LEs        ; 17 LEs               ; 17 LEs                 ; Yes        ; |Snake|snakeY[49][8]              ;
; 3:1                ; 17 bits   ; 34 LEs        ; 17 LEs               ; 17 LEs                 ; Yes        ; |Snake|snakeX[48][2]              ;
; 3:1                ; 17 bits   ; 34 LEs        ; 17 LEs               ; 17 LEs                 ; Yes        ; |Snake|snakeY[47][8]              ;
; 3:1                ; 17 bits   ; 34 LEs        ; 17 LEs               ; 17 LEs                 ; Yes        ; |Snake|snakeY[46][8]              ;
; 3:1                ; 17 bits   ; 34 LEs        ; 17 LEs               ; 17 LEs                 ; Yes        ; |Snake|snakeX[45][2]              ;
; 3:1                ; 17 bits   ; 34 LEs        ; 17 LEs               ; 17 LEs                 ; Yes        ; |Snake|snakeX[44][9]              ;
; 3:1                ; 17 bits   ; 34 LEs        ; 17 LEs               ; 17 LEs                 ; Yes        ; |Snake|snakeX[43][9]              ;
; 3:1                ; 17 bits   ; 34 LEs        ; 17 LEs               ; 17 LEs                 ; Yes        ; |Snake|snakeX[42][9]              ;
; 3:1                ; 17 bits   ; 34 LEs        ; 17 LEs               ; 17 LEs                 ; Yes        ; |Snake|snakeX[41][9]              ;
; 3:1                ; 17 bits   ; 34 LEs        ; 17 LEs               ; 17 LEs                 ; Yes        ; |Snake|snakeX[40][1]              ;
; 3:1                ; 17 bits   ; 34 LEs        ; 17 LEs               ; 17 LEs                 ; Yes        ; |Snake|snakeX[39][6]              ;
; 3:1                ; 17 bits   ; 34 LEs        ; 17 LEs               ; 17 LEs                 ; Yes        ; |Snake|snakeX[38][7]              ;
; 3:1                ; 17 bits   ; 34 LEs        ; 17 LEs               ; 17 LEs                 ; Yes        ; |Snake|snakeX[37][8]              ;
; 3:1                ; 17 bits   ; 34 LEs        ; 17 LEs               ; 17 LEs                 ; Yes        ; |Snake|snakeY[36][8]              ;
; 3:1                ; 17 bits   ; 34 LEs        ; 17 LEs               ; 17 LEs                 ; Yes        ; |Snake|snakeY[35][1]              ;
; 3:1                ; 17 bits   ; 34 LEs        ; 17 LEs               ; 17 LEs                 ; Yes        ; |Snake|snakeX[34][1]              ;
; 3:1                ; 17 bits   ; 34 LEs        ; 17 LEs               ; 17 LEs                 ; Yes        ; |Snake|snakeX[33][9]              ;
; 3:1                ; 17 bits   ; 34 LEs        ; 17 LEs               ; 17 LEs                 ; Yes        ; |Snake|snakeY[31][8]              ;
; 3:1                ; 17 bits   ; 34 LEs        ; 17 LEs               ; 17 LEs                 ; Yes        ; |Snake|snakeY[30][8]              ;
; 3:1                ; 17 bits   ; 34 LEs        ; 17 LEs               ; 17 LEs                 ; Yes        ; |Snake|snakeX[29][8]              ;
; 3:1                ; 17 bits   ; 34 LEs        ; 17 LEs               ; 17 LEs                 ; Yes        ; |Snake|snakeY[28][2]              ;
; 3:1                ; 17 bits   ; 34 LEs        ; 17 LEs               ; 17 LEs                 ; Yes        ; |Snake|snakeX[27][9]              ;
; 3:1                ; 17 bits   ; 34 LEs        ; 17 LEs               ; 17 LEs                 ; Yes        ; |Snake|snakeY[26][2]              ;
; 3:1                ; 17 bits   ; 34 LEs        ; 17 LEs               ; 17 LEs                 ; Yes        ; |Snake|snakeX[25][8]              ;
; 3:1                ; 17 bits   ; 34 LEs        ; 17 LEs               ; 17 LEs                 ; Yes        ; |Snake|snakeY[24][1]              ;
; 3:1                ; 17 bits   ; 34 LEs        ; 17 LEs               ; 17 LEs                 ; Yes        ; |Snake|snakeY[23][1]              ;
; 3:1                ; 17 bits   ; 34 LEs        ; 17 LEs               ; 17 LEs                 ; Yes        ; |Snake|snakeY[22][8]              ;
; 3:1                ; 17 bits   ; 34 LEs        ; 17 LEs               ; 17 LEs                 ; Yes        ; |Snake|snakeX[21][8]              ;
; 3:1                ; 17 bits   ; 34 LEs        ; 17 LEs               ; 17 LEs                 ; Yes        ; |Snake|snakeX[20][9]              ;
; 3:1                ; 17 bits   ; 34 LEs        ; 17 LEs               ; 17 LEs                 ; Yes        ; |Snake|snakeX[19][6]              ;
; 3:1                ; 17 bits   ; 34 LEs        ; 17 LEs               ; 17 LEs                 ; Yes        ; |Snake|snakeY[18][8]              ;
; 3:1                ; 17 bits   ; 34 LEs        ; 17 LEs               ; 17 LEs                 ; Yes        ; |Snake|snakeX[17][3]              ;
; 3:1                ; 17 bits   ; 34 LEs        ; 17 LEs               ; 17 LEs                 ; Yes        ; |Snake|snakeX[15][2]              ;
; 3:1                ; 17 bits   ; 34 LEs        ; 17 LEs               ; 17 LEs                 ; Yes        ; |Snake|snakeY[14][5]              ;
; 3:1                ; 17 bits   ; 34 LEs        ; 17 LEs               ; 17 LEs                 ; Yes        ; |Snake|snakeX[13][6]              ;
; 3:1                ; 17 bits   ; 34 LEs        ; 17 LEs               ; 17 LEs                 ; Yes        ; |Snake|snakeX[12][4]              ;
; 3:1                ; 17 bits   ; 34 LEs        ; 17 LEs               ; 17 LEs                 ; Yes        ; |Snake|snakeX[11][9]              ;
; 3:1                ; 17 bits   ; 34 LEs        ; 17 LEs               ; 17 LEs                 ; Yes        ; |Snake|snakeX[10][1]              ;
; 3:1                ; 17 bits   ; 34 LEs        ; 17 LEs               ; 17 LEs                 ; Yes        ; |Snake|snakeX[9][7]               ;
; 3:1                ; 17 bits   ; 34 LEs        ; 17 LEs               ; 17 LEs                 ; Yes        ; |Snake|snakeY[7][6]               ;
; 3:1                ; 17 bits   ; 34 LEs        ; 17 LEs               ; 17 LEs                 ; Yes        ; |Snake|snakeX[6][2]               ;
; 3:1                ; 17 bits   ; 34 LEs        ; 17 LEs               ; 17 LEs                 ; Yes        ; |Snake|snakeY[5][7]               ;
; 3:1                ; 17 bits   ; 34 LEs        ; 17 LEs               ; 17 LEs                 ; Yes        ; |Snake|snakeX[3][6]               ;
; 4:1                ; 7 bits    ; 14 LEs        ; 14 LEs               ; 0 LEs                  ; Yes        ; |Snake|appleY[1]                  ;
; 16:1               ; 9 bits    ; 90 LEs        ; 9 LEs                ; 81 LEs                 ; Yes        ; |Snake|snakeX[0][4]               ;
; 6:1                ; 10 bits   ; 40 LEs        ; 20 LEs               ; 20 LEs                 ; Yes        ; |Snake|appleY[8]                  ;
; 3:1                ; 2 bits    ; 4 LEs         ; 2 LEs                ; 2 LEs                  ; No         ; |Snake|kbInput:kbIn|direction[4]  ;
+--------------------+-----------+---------------+----------------------+------------------------+------------+-----------------------------------+


+-----------------------------------------------------------------------------------------------------------------+
; Port Connectivity Checks: "kbInput:kbIn"                                                                        ;
+-------+--------+----------+-------------------------------------------------------------------------------------+
; Port  ; Type   ; Severity ; Details                                                                             ;
+-------+--------+----------+-------------------------------------------------------------------------------------+
; reset ; Output ; Info     ; Connected to dangling logic. Logic that only feeds a dangling port will be removed. ;
+-------+--------+----------+-------------------------------------------------------------------------------------+


+-----------------------------------------------------+
; Post-Synthesis Netlist Statistics for Top Partition ;
+-----------------------+-----------------------------+
; Type                  ; Count                       ;
+-----------------------+-----------------------------+
; boundary_port         ; 32                          ;
; cycloneiii_ff         ; 2372                        ;
;     ENA               ; 2193                        ;
;     ENA SLD           ; 16                          ;
;     plain             ; 163                         ;
; cycloneiii_lcell_comb ; 10280                       ;
;     arith             ; 6289                        ;
;         2 data inputs ; 2051                        ;
;         3 data inputs ; 4238                        ;
;     normal            ; 3991                        ;
;         0 data inputs ; 259                         ;
;         1 data inputs ; 14                          ;
;         2 data inputs ; 2716                        ;
;         3 data inputs ; 270                         ;
;         4 data inputs ; 732                         ;
;                       ;                             ;
; Max LUT depth         ; 55.70                       ;
; Average LUT depth     ; 26.88                       ;
+-----------------------+-----------------------------+


+-------------------------------+
; Elapsed Time Per Partition    ;
+----------------+--------------+
; Partition Name ; Elapsed Time ;
+----------------+--------------+
; Top            ; 00:00:11     ;
+----------------+--------------+


+-------------------------------+
; Analysis & Synthesis Messages ;
+-------------------------------+
Info: *******************************************************************
Info: Running Quartus Prime Analysis & Synthesis
    Info: Version 16.1.0 Build 196 10/24/2016 SJ Lite Edition
    Info: Processing started: Thu Nov 15 18:04:27 2018
Info: Command: quartus_map --read_settings_files=on --write_settings_files=off Snake1 -c Snake1
Warning (18236): Number of processors has not been specified which may cause overloading on shared machines.  Set the global assignment NUM_PARALLEL_PROCESSORS in your QSF to an appropriate value for best performance.
Info (20030): Parallel compilation is enabled and will use 4 of the 4 processors detected
Info (12021): Found 7 design units, including 7 entities, in source file snake.v
    Info (12023): Found entity 1: Snake File: M:/New_Project/Kristjan Snake/Snake/Snake.v Line: 1
    Info (12023): Found entity 2: clk_reduce File: M:/New_Project/Kristjan Snake/Snake/Snake.v Line: 173
    Info (12023): Found entity 3: VGA_gen File: M:/New_Project/Kristjan Snake/Snake/Snake.v Line: 189
    Info (12023): Found entity 4: appleLocation File: M:/New_Project/Kristjan Snake/Snake/Snake.v Line: 246
    Info (12023): Found entity 5: randomGrid File: M:/New_Project/Kristjan Snake/Snake/Snake.v Line: 270
    Info (12023): Found entity 6: kbInput File: M:/New_Project/Kristjan Snake/Snake/Snake.v Line: 303
    Info (12023): Found entity 7: updateClk File: M:/New_Project/Kristjan Snake/Snake/Snake.v Line: 346
Info (12127): Elaborating entity "Snake" for the top level hierarchy
Warning (10036): Verilog HDL or VHDL warning at Snake.v(31): object "maxSize" assigned a value but never read File: M:/New_Project/Kristjan Snake/Snake/Snake.v Line: 31
Warning (10230): Verilog HDL assignment warning at Snake.v(106): truncated value with size 32 to match size of target (9) File: M:/New_Project/Kristjan Snake/Snake/Snake.v Line: 106
Warning (10230): Verilog HDL assignment warning at Snake.v(107): truncated value with size 32 to match size of target (10) File: M:/New_Project/Kristjan Snake/Snake/Snake.v Line: 107
Warning (10230): Verilog HDL assignment warning at Snake.v(108): truncated value with size 32 to match size of target (9) File: M:/New_Project/Kristjan Snake/Snake/Snake.v Line: 108
Warning (10230): Verilog HDL assignment warning at Snake.v(109): truncated value with size 32 to match size of target (10) File: M:/New_Project/Kristjan Snake/Snake/Snake.v Line: 109
Info (10264): Verilog HDL Case Statement information at Snake.v(105): all case item expressions in this case statement are onehot File: M:/New_Project/Kristjan Snake/Snake/Snake.v Line: 105
Warning (10230): Verilog HDL assignment warning at Snake.v(148): truncated value with size 32 to match size of target (7) File: M:/New_Project/Kristjan Snake/Snake/Snake.v Line: 148
Warning (10030): Net "snakeX[0][0]" at Snake.v(24) has no driver or initial value, using a default initial value '0' File: M:/New_Project/Kristjan Snake/Snake/Snake.v Line: 24
Warning (10030): Net "snakeY[0][0]" at Snake.v(25) has no driver or initial value, using a default initial value '0' File: M:/New_Project/Kristjan Snake/Snake/Snake.v Line: 25
Info (12128): Elaborating entity "clk_reduce" for hierarchy "clk_reduce:reduce1" File: M:/New_Project/Kristjan Snake/Snake/Snake.v Line: 34
Info (12128): Elaborating entity "VGA_gen" for hierarchy "VGA_gen:gen1" File: M:/New_Project/Kristjan Snake/Snake/Snake.v Line: 35
Warning (10230): Verilog HDL assignment warning at Snake.v(213): truncated value with size 32 to match size of target (10) File: M:/New_Project/Kristjan Snake/Snake/Snake.v Line: 213
Warning (10230): Verilog HDL assignment warning at Snake.v(224): truncated value with size 32 to match size of target (10) File: M:/New_Project/Kristjan Snake/Snake/Snake.v Line: 224
Info (12128): Elaborating entity "randomGrid" for hierarchy "randomGrid:rand1" File: M:/New_Project/Kristjan Snake/Snake/Snake.v Line: 36
Warning (10230): Verilog HDL assignment warning at Snake.v(277): truncated value with size 32 to match size of target (6) File: M:/New_Project/Kristjan Snake/Snake/Snake.v Line: 277
Warning (10230): Verilog HDL assignment warning at Snake.v(279): truncated value with size 32 to match size of target (6) File: M:/New_Project/Kristjan Snake/Snake/Snake.v Line: 279
Warning (10230): Verilog HDL assignment warning at Snake.v(287): truncated value with size 32 to match size of target (10) File: M:/New_Project/Kristjan Snake/Snake/Snake.v Line: 287
Warning (10230): Verilog HDL assignment warning at Snake.v(297): truncated value with size 32 to match size of target (9) File: M:/New_Project/Kristjan Snake/Snake/Snake.v Line: 297
Info (12128): Elaborating entity "kbInput" for hierarchy "kbInput:kbIn" File: M:/New_Project/Kristjan Snake/Snake/Snake.v Line: 37
Warning (10036): Verilog HDL or VHDL warning at Snake.v(310): object "recordNext" assigned a value but never read File: M:/New_Project/Kristjan Snake/Snake/Snake.v Line: 310
Warning (10235): Verilog HDL Always Construct warning at Snake.v(339): variable "reset" is read inside the Always Construct but isn't in the Always Construct's Event Control File: M:/New_Project/Kristjan Snake/Snake/Snake.v Line: 339
Warning (10235): Verilog HDL Always Construct warning at Snake.v(340): variable "direction" is read inside the Always Construct but isn't in the Always Construct's Event Control File: M:/New_Project/Kristjan Snake/Snake/Snake.v Line: 340
Warning (10240): Verilog HDL Always Construct warning at Snake.v(328): inferring latch(es) for variable "direction", which holds its previous value in one or more paths through the always construct File: M:/New_Project/Kristjan Snake/Snake/Snake.v Line: 328
Warning (10240): Verilog HDL Always Construct warning at Snake.v(328): inferring latch(es) for variable "reset", which holds its previous value in one or more paths through the always construct File: M:/New_Project/Kristjan Snake/Snake/Snake.v Line: 328
Info (10041): Inferred latch for "reset" at Snake.v(328) File: M:/New_Project/Kristjan Snake/Snake/Snake.v Line: 328
Info (10041): Inferred latch for "direction[0]" at Snake.v(332) File: M:/New_Project/Kristjan Snake/Snake/Snake.v Line: 332
Info (10041): Inferred latch for "direction[1]" at Snake.v(332) File: M:/New_Project/Kristjan Snake/Snake/Snake.v Line: 332
Info (10041): Inferred latch for "direction[2]" at Snake.v(332) File: M:/New_Project/Kristjan Snake/Snake/Snake.v Line: 332
Info (10041): Inferred latch for "direction[3]" at Snake.v(332) File: M:/New_Project/Kristjan Snake/Snake/Snake.v Line: 332
Info (10041): Inferred latch for "direction[4]" at Snake.v(332) File: M:/New_Project/Kristjan Snake/Snake/Snake.v Line: 332
Info (12128): Elaborating entity "updateClk" for hierarchy "updateClk:UPDATE" File: M:/New_Project/Kristjan Snake/Snake/Snake.v Line: 38
Warning (10230): Verilog HDL assignment warning at Snake.v(353): truncated value with size 32 to match size of target (22) File: M:/New_Project/Kristjan Snake/Snake/Snake.v Line: 353
Info (286030): Timing-Driven Synthesis is running
Info (17049): 17 registers lost all their fanouts during netlist optimizations.
Info (144001): Generated suppressed messages file M:/New_Project/Kristjan Snake/Snake/output_files/Snake1.map.smsg
Info (16010): Generating hard_block partition "hard_block:auto_generated_inst"
    Info (16011): Adding 0 node(s), including 0 DDIO, 0 PLL, 0 transceiver and 0 LCELL
Info (21057): Implemented 10417 device resources after synthesis - the final resource count might be different
    Info (21058): Implemented 4 input pins
    Info (21059): Implemented 28 output pins
    Info (21061): Implemented 10385 logic cells
Info: Quartus Prime Analysis & Synthesis was successful. 0 errors, 21 warnings
    Info: Peak virtual memory: 4852 megabytes
    Info: Processing ended: Thu Nov 15 18:04:53 2018
    Info: Elapsed time: 00:00:26
    Info: Total CPU time (on all processors): 00:00:32


+------------------------------------------+
; Analysis & Synthesis Suppressed Messages ;
+------------------------------------------+
The suppressed messages can be found in M:/New_Project/Kristjan Snake/Snake/output_files/Snake1.map.smsg.


